Z-Cloud云计算平台-负载均衡服务ZLB_4.2.1发布通知：
1、(新增) 监控接口api的启用及关闭支持通过命令行控制;
============================================================================================
Z-Cloud云计算平台-负载均衡服务ZLB_4.2.0发布通知：
1、(新增) UDP协议的双向传输支持，适用于通用UDP协议的数据分发（例如DNS）;
2、(调整) 空闲超时、连接超时时间单位由原有的秒改为毫秒;
3、(新增) 限流控制，可限制终端的并发请求数量;
4、(优化) 端口重用，高并发场景下，可重用未完全释放的端口;
=============================================================================================
Z-Cloud云计算平台-负载均衡服务ZLB_4.1发布通知：
1、(新增)TLS加密传输的支持,提供TLS证书的挂载与卸载;
2、(调整)udp协议转发策略,取消双向通信,提供基本的无状态转发;
3、(优化)白名单不输入掩码时,自动匹配为32位掩码,即按照单ip计算,如填写掩码,按网段计算;
=============================================================================================
Z-Cloud云计算平台-负载均衡服务ZLB_4.0发布通知：
1、(新增)实现deadline及nodeadline模式的整合及切换;
2、(调整)主动及被动健康检查配置同步，避免因主动健康检查关闭，被动健康检查触发服务端失效的问题；
3、(新增)监控接口增加协程数量统计监控；
4、(新增)连接重试功能，并可通过配置项配置开启及关闭；
5、(调整)根据业务需求，重新调整了默认参数配置，符合智达通用场景；
==============================================================================================
Z-Cloud平台通信及负载均衡组件ZCONNECT_V3.2更新通知：
1、新增主备切换模式;
2、新增主动触发健康检查接口;
3、新增动态变更健康检查频率接口;
4、新增白名单控制接口;
5、新增buf变更接口;
6、新增超时控制变更接口;
7、新增负载均衡模式动态变更接口;
8、新增动态变更后端服务配置接口;
==============================================================================================
Z-Cloud平台通信及负载均衡组件ZCONNECT_V2.4更新通知：
1、新增主备切换模式;
2、新增主动触发健康检查接口;
==============================================================================================
Z-Cloud平台通信及负载均衡组件ZCONNECT_V2.3更新通知：
1、增加HTTP监控接口,提供负载状态,配置状态,服务健康状态等信息实时调取查看;
==============================================================================================
Z-Cloud平台通信及负载均衡组件ZCONNECT_V2.2更新通知：
1、新增后端连接数统计;
2、新增Hash一致性负载算法,适用于会话保持场景;
3、新增最小连接数算法,查找当前负载服务连接最小的实例进行负载，实现基于连接的真实负载平衡;
4、优化健康状态检查机制,新增主动检查机制，即在无法连接服务重置时触发一次主动健康检测;
======================================================================================================
Z-Cloud平台通信及负载均衡组件ZCONNECT_V2.1更新通知：
1、新增连接异常实例自动重试机制,对于客户端无感，客户端无需控制重连机制；
2、新增负载均衡算法指定,新增随机负载均衡模式,并预留一致性哈希负载均衡接口；
3、新增通道数据量统计,在完成一次Socket通信后统计期间的通信总量;
4、完善超时控制,控制多级超时控制机制；
5、新增健康状态检查,配合重试机制,可保障流量指向可用实例；